<?xml version="1.0" encoding="UTF-8"?>
<testsuite name="BinarySearchTreeTest" tests="1" skipped="0" failures="0" errors="0" timestamp="2023-03-05T05:27:17" hostname="NTLF-PC" time="0.083">
  <properties/>
  <testcase name="remove()" classname="BinarySearchTreeTest" time="0.083"/>
  <system-out><![CDATA[]]></system-out>
  <system-err><![CDATA[]]></system-err>
</testsuite>
